SF:lib\logic\barcode-scanner\bloc\barcode_scanner_state.dart
DA:4,2
DA:8,1
DA:9,1
DA:13,1
DA:14,1
DA:20,1
DA:22,1
DA:23,2
DA:29,1
DA:31,1
DA:32,2
LF:11
LH:11
end_of_record
SF:lib\logic\barcode-scanner\bloc\barcode_scanner_event.dart
DA:4,2
DA:8,2
DA:10,1
DA:11,1
LF:4
LH:4
end_of_record
SF:lib\logic\barcode-scanner\bloc\barcode_scanner_bloc.dart
DA:28,2
DA:29,2
DA:30,2
DA:33,2
DA:34,2
DA:37,1
DA:40,2
DA:42,1
DA:44,3
DA:45,2
DA:47,1
DA:48,2
DA:53,1
DA:54,2
DA:56,1
DA:59,2
DA:61,1
DA:64,3
DA:67,1
DA:69,3
LF:20
LH:20
end_of_record
SF:lib\logic\barcode-scanner\service\barcode_scanner_service.dart
DA:5,0
DA:6,0
LF:2
LH:0
end_of_record
SF:lib\core\config\instance_locator.dart
DA:4,3
DA:6,1
DA:7,4
LF:3
LH:3
end_of_record
SF:lib\main.dart
DA:9,0
DA:10,0
DA:11,0
DA:15,1
DA:18,1
DA:20,1
DA:21,1
DA:22,2
DA:23,1
DA:24,1
LF:10
LH:7
end_of_record
SF:lib\core\config\theme\malt_theme_data.dart
DA:6,3
DA:7,1
DA:11,1
DA:12,3
DA:13,1
DA:14,1
DA:15,1
DA:16,1
DA:17,1
DA:19,1
DA:20,1
DA:21,1
DA:22,1
DA:26,1
DA:27,6
DA:29,2
DA:30,2
DA:31,2
DA:32,2
DA:35,1
DA:36,5
DA:38,2
DA:39,2
DA:40,2
DA:41,2
LF:25
LH:25
end_of_record
SF:lib\view\barcode-scanner\barcode_scanner_page.dart
DA:7,2
DA:11,1
DA:13,1
DA:14,3
DA:15,1
DA:16,1
DA:17,1
DA:18,1
DA:22,1
DA:23,1
DA:24,0
DA:25,0
DA:27,1
DA:29,1
DA:36,1
DA:38,1
DA:39,1
DA:40,1
DA:41,0
DA:42,0
DA:43,0
DA:45,0
DA:48,0
DA:52,1
DA:53,1
DA:55,1
DA:57,3
LF:27
LH:20
end_of_record
