SF:lib\logic\barcode-scanner\bloc\barcode_scanner_state.dart
DA:4,2
DA:8,1
DA:9,1
DA:13,1
DA:14,1
DA:20,1
DA:22,1
DA:23,2
DA:29,1
DA:31,1
DA:32,2
LF:11
LH:11
end_of_record
SF:lib\logic\barcode-scanner\bloc\barcode_scanner_event.dart
DA:4,2
DA:8,2
DA:10,1
DA:11,1
LF:4
LH:4
end_of_record
SF:lib\logic\barcode-scanner\bloc\barcode_scanner_bloc.dart
DA:16,2
DA:19,2
DA:20,2
DA:23,1
DA:26,2
DA:28,1
DA:30,3
DA:31,2
DA:32,1
DA:33,2
DA:34,1
DA:36,1
DA:37,2
LF:13
LH:13
end_of_record
SF:lib\logic\barcode-scanner\service\barcode_scanner_service.dart
DA:5,0
DA:6,0
LF:2
LH:0
end_of_record
SF:lib\main.dart
DA:8,0
DA:11,1
DA:14,1
DA:16,1
DA:17,1
DA:18,2
DA:19,1
DA:20,1
LF:8
LH:7
end_of_record
SF:lib\core\config\theme\malt_theme_data.dart
DA:6,3
DA:7,1
DA:11,1
DA:12,3
DA:13,1
DA:14,1
DA:15,1
DA:16,1
DA:17,1
DA:19,1
DA:20,1
DA:21,1
DA:22,1
DA:26,1
DA:27,6
DA:29,2
DA:30,2
DA:31,2
DA:32,2
DA:35,1
DA:36,5
DA:38,2
DA:39,2
DA:40,2
DA:41,2
LF:25
LH:25
end_of_record
SF:lib\view\barcode-scanner\barcode_scanner_page.dart
DA:7,2
DA:11,1
DA:13,1
DA:14,3
DA:15,1
DA:16,1
DA:17,1
DA:18,1
DA:22,1
DA:23,1
DA:24,0
DA:25,0
DA:27,1
DA:29,1
DA:36,1
DA:38,1
DA:39,1
DA:40,0
DA:41,0
DA:42,0
DA:43,0
DA:44,0
DA:45,0
DA:47,0
LF:24
LH:15
end_of_record
